{
  "0 debug pnpm:scope": {
    "selected": 1
  },
  "1 debug pnpm:package-manifest": {
    "initial": {
      "name": "vue3-vite-ts",
      "version": "1.0.0",
      "description": "",
      "main": "index.js",
      "scripts": {
        "dev": "vite --mode=development",
        "build": "vue-tsc --noEmit && vite build --mode=production",
        "lint": "eslint --ext .ts,.tsx,.vue src/** --quiet",
        "lint:fix": "eslint --ext .ts,.tsx,.vue src/** --quiet --fix"
      },
      "author": "",
      "license": "ISC",
      "dependencies": {
        "axios": "^0.26.0",
        "element-plus": "^2.0.5",
        "pinia": "^2.0.11",
        "sass": "^1.49.9",
        "vue": "^3.2.31",
        "vue-router": "^4.0.13"
      }
    },
    "prefix": "D:\\====== chenmq ======\\vue3-vite-ts"
  },
  "2 debug pnpm:context": {
    "currentLockfileExists": false,
    "storeDir": "D:\\Node\\node_global\\v3",
    "virtualStoreDir": "D:\\====== chenmq ======\\vue3-vite-ts\\node_modules\\.pnpm"
  },
  "3 debug pnpm:stage": {
    "prefix": "D:\\====== chenmq ======\\vue3-vite-ts",
    "stage": "resolution_started"
  },
  "4 debug pnpm:_dependency_resolved": {
    "resolution": "registry.npmjs.org/axios/0.26.0",
    "wanted": {
      "dependentId": ".",
      "name": "axios",
      "rawSpec": "^0.26.0"
    }
  },
  "5 debug pnpm:_dependency_resolved": {
    "resolution": "registry.npmjs.org/element-plus/2.0.5",
    "wanted": {
      "dependentId": ".",
      "name": "element-plus",
      "rawSpec": "^2.0.5"
    }
  },
  "6 debug pnpm:_dependency_resolved": {
    "resolution": "registry.npmjs.org/pinia/2.0.11",
    "wanted": {
      "dependentId": ".",
      "name": "pinia",
      "rawSpec": "^2.0.11"
    }
  },
  "7 debug pnpm:_dependency_resolved": {
    "resolution": "registry.npmjs.org/sass/1.49.9",
    "wanted": {
      "dependentId": ".",
      "name": "sass",
      "rawSpec": "^1.49.9"
    }
  },
  "8 debug pnpm:_dependency_resolved": {
    "resolution": "registry.npmjs.org/vue/3.2.31",
    "wanted": {
      "dependentId": ".",
      "name": "vue",
      "rawSpec": "^3.2.31"
    }
  },
  "9 debug pnpm:_dependency_resolved": {
    "resolution": "registry.npmjs.org/vue-router/4.0.13",
    "wanted": {
      "dependentId": ".",
      "name": "vue-router",
      "rawSpec": "^4.0.13"
    }
  },
  "10 debug pnpm:_dependency_resolved": {
    "resolution": "registry.npmjs.org/mockjs/1.1.0",
    "wanted": {
      "dependentId": ".",
      "name": "mockjs",
      "rawSpec": "latest"
    }
  },
  "11 debug pnpm:progress": {
    "packageId": "registry.npmjs.org/mockjs/1.1.0",
    "requester": "D:\\====== chenmq ======\\vue3-vite-ts",
    "status": "resolved"
  },
  "12 debug pnpm:fetching-progress": {
    "attempt": 1,
    "packageId": "registry.npmjs.org/sass/1.49.9",
    "size": 683267,
    "status": "started"
  },
  "13 debug pnpm:fetching-progress": {
    "attempt": 1,
    "packageId": "registry.npmjs.org/pinia/2.0.11",
    "size": 105712,
    "status": "started"
  },
  "14 debug pnpm:_dependency_resolved": {
    "resolution": "registry.npmjs.org/vue-tsc/0.32.1",
    "wanted": {
      "dependentId": ".",
      "name": "vue-tsc",
      "rawSpec": "latest"
    }
  },
  "15 debug pnpm:progress": {
    "packageId": "registry.npmjs.org/vue-tsc/0.32.1",
    "requester": "D:\\====== chenmq ======\\vue3-vite-ts",
    "status": "resolved"
  },
  "16 debug pnpm:fetching-progress": {
    "attempt": 1,
    "packageId": "registry.npmjs.org/element-plus/2.0.5",
    "size": 4551576,
    "status": "started"
  },
  "17 debug pnpm:progress": {
    "packageId": "registry.npmjs.org/pinia/2.0.11",
    "requester": "D:\\====== chenmq ======\\vue3-vite-ts",
    "status": "resolved"
  },
  "18 debug pnpm:_dependency_resolved": {
    "resolution": "registry.npmjs.org/@vitejs/plugin-vue/2.2.4",
    "wanted": {
      "dependentId": ".",
      "name": "@vitejs/plugin-vue",
      "rawSpec": "latest"
    }
  },
  "19 debug pnpm:progress": {
    "packageId": "registry.npmjs.org/@vitejs/plugin-vue/2.2.4",
    "requester": "D:\\====== chenmq ======\\vue3-vite-ts",
    "status": "resolved"
  },
  "20 error pnpm": {
    "code": "ERR_PNPM_FETCH_404",
    "hint": "@typescript-plugin/parser is not in the npm registry, or you have no permission to fetch it.\n\nAn authorization header was used: Bearer be7c[hidden]",
    "request": {
      "authHeaderValue": "Bearer be7c44e4-9cb8-4178-9973-2b7d2fa4d69f",
      "url": "https://registry.npmjs.org/@typescript-plugin%2Fparser"
    },
    "response": {
      "size": 0
    },
    "pkgName": "@typescript-plugin/parser",
    "pkgsStack": [],
    "err": {
      "name": "pnpm",
      "message": "GET https://registry.npmjs.org/@typescript-plugin%2Fparser: Not Found - 404",
      "code": "ERR_PNPM_FETCH_404",
      "stack": "pnpm: GET https://registry.npmjs.org/@typescript-plugin%2Fparser: Not Found - 404\n    at RetryOperation._fn (D:\\Node\\node_global\\node_modules\\pnpm\\dist\\pnpm.cjs:85709:19)\n    at runMicrotasks (<anonymous>)\n    at processTicksAndRejections (node:internal/process/task_queues:96:5)"
    }
  }
}